<?xml version="1.0" encoding="UTF-8"?>
<testsuites name="jest tests" tests="8" failures="0" errors="0" time="0.37">
  <testsuite name="Validating FileCaching" errors="0" failures="0" skipped="0" timestamp="2021-04-16T17:44:26" time="0.31" tests="8">
    <testcase classname="Validating FileCaching set should create the default folder if none is specified" name="Validating FileCaching set should create the default folder if none is specified" time="0.002">
    </testcase>
    <testcase classname="Validating FileCaching set should create the defined folder at location" name="Validating FileCaching set should create the defined folder at location" time="0.001">
    </testcase>
    <testcase classname="Validating FileCaching set should create the defined folder at location even if the path ends with a forward slash." name="Validating FileCaching set should create the defined folder at location even if the path ends with a forward slash." time="0">
    </testcase>
    <testcase classname="Validating FileCaching set should create a file at the location with appended ttl" name="Validating FileCaching set should create a file at the location with appended ttl" time="0">
    </testcase>
    <testcase classname="Validating FileCaching get should return false if no file is found" name="Validating FileCaching get should return false if no file is found" time="0">
    </testcase>
    <testcase classname="Validating FileCaching get should return content if file exists" name="Validating FileCaching get should return content if file exists" time="0.001">
    </testcase>
    <testcase classname="Validating FileCaching remove should return false if no file is found" name="Validating FileCaching remove should return false if no file is found" time="0">
    </testcase>
    <testcase classname="Validating FileCaching remove should return true if the file has been removed" name="Validating FileCaching remove should return true if the file has been removed" time="0.001">
    </testcase>
  </testsuite>
</testsuites>